# JRE version: Java(TM) SE Runtime Environment (8.0_112-b15) (build 1.8.0_112-b15)
# Java VM: Java HotSpot(TM) 64-Bit Server VM (25.112-b15 mixed mode windows-amd64 compressed oops)
Heap:
 PSYoungGen      total 51712K, used 27522K [0x00000007bc400000, 0x00000007c0000000, 0x00000007c0000000)
  eden space 41472K, 56% used [0x00000007bc400000,0x00000007bdab6ae8,0x00000007bec80000)
  from space 10240K, 41% used [0x00000007bf600000,0x00000007bfa29e70,0x00000007c0000000)
  to   space 9728K, 0% used [0x00000007bec80000,0x00000007bec80000,0x00000007bf600000)
 ParOldGen       total 242176K, used 111969K [0x0000000700000000, 0x000000070ec80000, 0x00000007bc400000)
  object space 242176K, 46% used [0x0000000700000000,0x0000000706d58418,0x000000070ec80000)
 Metaspace       used 84581K, capacity 85361K, committed 86144K, reserved 1124352K
  class space    used 11953K, capacity 12112K, committed 12160K, reserved 1048576K
GC Heap History (10 events):
Event: 3422.129 GC heap before
{Heap before GC invocations=559 (full 29):
 PSYoungGen      total 50176K, used 46130K [0x00000007bc400000, 0x00000007c0000000, 0x00000007c0000000)
  eden space 38912K, 100% used [0x00000007bc400000,0x00000007bea00000,0x00000007bea00000)
  from space 11264K, 64% used [0x00000007bea00000,0x00000007bf10cbf0,0x00000007bf500000)
  to   space 11264K, 0% used [0x00000007bf500000,0x00000007bf500000,0x00000007c0000000)
 ParOldGen       total 242176K, used 109906K [0x0000000700000000, 0x000000070ec80000, 0x00000007bc400000)
  object space 242176K, 45% used [0x0000000700000000,0x0000000706b549e8,0x000000070ec80000)
 Metaspace       used 84580K, capacity 85361K, committed 86144K, reserved 1124352K
  class space    used 11953K, capacity 12112K, committed 12160K, reserved 1048576K
Event: 3422.133 GC heap after
Heap after GC invocations=559 (full 29):
 PSYoungGen      total 50688K, used 5767K [0x00000007bc400000, 0x00000007c0000000, 0x00000007c0000000)
  eden space 39424K, 0% used [0x00000007bc400000,0x00000007bc400000,0x00000007bea80000)
  from space 11264K, 51% used [0x00000007bf500000,0x00000007bfaa1e70,0x00000007c0000000)
  to   space 10752K, 0% used [0x00000007bea80000,0x00000007bea80000,0x00000007bf500000)
 ParOldGen       total 242176K, used 110332K [0x0000000700000000, 0x000000070ec80000, 0x00000007bc400000)
  object space 242176K, 45% used [0x0000000700000000,0x0000000706bbf3b8,0x000000070ec80000)
 Metaspace       used 84580K, capacity 85361K, committed 86144K, reserved 1124352K
  class space    used 11953K, capacity 12112K, committed 12160K, reserved 1048576K
}
Event: 3422.522 GC heap before
{Heap before GC invocations=560 (full 29):
 PSYoungGen      total 50688K, used 45191K [0x00000007bc400000, 0x00000007c0000000, 0x00000007c0000000)
  eden space 39424K, 100% used [0x00000007bc400000,0x00000007bea80000,0x00000007bea80000)
  from space 11264K, 51% used [0x00000007bf500000,0x00000007bfaa1e70,0x00000007c0000000)
  to   space 10752K, 0% used [0x00000007bea80000,0x00000007bea80000,0x00000007bf500000)
 ParOldGen       total 242176K, used 110332K [0x0000000700000000, 0x000000070ec80000, 0x00000007bc400000)
  object space 242176K, 45% used [0x0000000700000000,0x0000000706bbf3b8,0x000000070ec80000)
 Metaspace       used 84581K, capacity 85361K, committed 86144K, reserved 1124352K
  class space    used 11953K, capacity 12112K, committed 12160K, reserved 1048576K
Event: 3422.526 GC heap after
Heap after GC invocations=560 (full 29):
 PSYoungGen      total 50176K, used 6450K [0x00000007bc400000, 0x00000007c0000000, 0x00000007c0000000)
  eden space 39424K, 0% used [0x00000007bc400000,0x00000007bc400000,0x00000007bea80000)
  from space 10752K, 59% used [0x00000007bea80000,0x00000007bf0ccbf0,0x00000007bf500000)
  to   space 10752K, 0% used [0x00000007bf580000,0x00000007bf580000,0x00000007c0000000)
 ParOldGen       total 242176K, used 110780K [0x0000000700000000, 0x000000070ec80000, 0x00000007bc400000)
  object space 242176K, 45% used [0x0000000700000000,0x0000000706c2f3b8,0x000000070ec80000)
 Metaspace       used 84581K, capacity 85361K, committed 86144K, reserved 1124352K
  class space    used 11953K, capacity 12112K, committed 12160K, reserved 1048576K
}
Event: 3423.456 GC heap before
{Heap before GC invocations=561 (full 29):
 PSYoungGen      total 50176K, used 45874K [0x00000007bc400000, 0x00000007c0000000, 0x00000007c0000000)
  eden space 39424K, 100% used [0x00000007bc400000,0x00000007bea80000,0x00000007bea80000)
  from space 10752K, 59% used [0x00000007bea80000,0x00000007bf0ccbf0,0x00000007bf500000)
  to   space 10752K, 0% used [0x00000007bf580000,0x00000007bf580000,0x00000007c0000000)
 ParOldGen       total 242176K, used 110780K [0x0000000700000000, 0x000000070ec80000, 0x00000007bc400000)
  object space 242176K, 45% used [0x0000000700000000,0x0000000706c2f3b8,0x000000070ec80000)
 Metaspace       used 84581K, capacity 85361K, committed 86144K, reserved 1124352K
  class space    used 11953K, capacity 12112K, committed 12160K, reserved 1048576K
Event: 3423.460 GC heap after
Heap after GC invocations=561 (full 29):
 PSYoungGen      total 51200K, used 4647K [0x00000007bc400000, 0x00000007c0000000, 0x00000007c0000000)
  eden space 40448K, 0% used [0x00000007bc400000,0x00000007bc400000,0x00000007beb80000)
  from space 10752K, 43% used [0x00000007bf580000,0x00000007bfa09d10,0x00000007c0000000)
  to   space 10240K, 0% used [0x00000007beb80000,0x00000007beb80000,0x00000007bf580000)
 ParOldGen       total 242176K, used 111140K [0x0000000700000000, 0x000000070ec80000, 0x00000007bc400000)
  object space 242176K, 45% used [0x0000000700000000,0x0000000706c893b8,0x000000070ec80000)
 Metaspace       used 84581K, capacity 85361K, committed 86144K, reserved 1124352K
  class space    used 11953K, capacity 12112K, committed 12160K, reserved 1048576K
}
Event: 3423.883 GC heap before
{Heap before GC invocations=562 (full 29):
 PSYoungGen      total 51200K, used 45095K [0x00000007bc400000, 0x00000007c0000000, 0x00000007c0000000)
  eden space 40448K, 100% used [0x00000007bc400000,0x00000007beb80000,0x00000007beb80000)
  from space 10752K, 43% used [0x00000007bf580000,0x00000007bfa09d10,0x00000007c0000000)
  to   space 10240K, 0% used [0x00000007beb80000,0x00000007beb80000,0x00000007bf580000)
 ParOldGen       total 242176K, used 111140K [0x0000000700000000, 0x000000070ec80000, 0x00000007bc400000)
  object space 242176K, 45% used [0x0000000700000000,0x0000000706c893b8,0x000000070ec80000)
 Metaspace       used 84581K, capacity 85361K, committed 86144K, reserved 1124352K
  class space    used 11953K, capacity 12112K, committed 12160K, reserved 1048576K
Event: 3423.886 GC heap after
Heap after GC invocations=562 (full 29):
 PSYoungGen      total 50688K, used 5255K [0x00000007bc400000, 0x00000007c0000000, 0x00000007c0000000)
  eden space 40448K, 0% used [0x00000007bc400000,0x00000007bc400000,0x00000007beb80000)
  from space 10240K, 51% used [0x00000007beb80000,0x00000007bf0a1fd0,0x00000007bf580000)
  to   space 10240K, 0% used [0x00000007bf600000,0x00000007bf600000,0x00000007c0000000)
 ParOldGen       total 242176K, used 111412K [0x0000000700000000, 0x000000070ec80000, 0x00000007bc400000)
  object space 242176K, 46% used [0x0000000700000000,0x0000000706ccd3c8,0x000000070ec80000)
 Metaspace       used 84581K, capacity 85361K, committed 86144K, reserved 1124352K
  class space    used 11953K, capacity 12112K, committed 12160K, reserved 1048576K
}
Event: 3424.829 GC heap before
{Heap before GC invocations=563 (full 29):
 PSYoungGen      total 50688K, used 45703K [0x00000007bc400000, 0x00000007c0000000, 0x00000007c0000000)
  eden space 40448K, 100% used [0x00000007bc400000,0x00000007beb80000,0x00000007beb80000)
  from space 10240K, 51% used [0x00000007beb80000,0x00000007bf0a1fd0,0x00000007bf580000)
  to   space 10240K, 0% used [0x00000007bf600000,0x00000007bf600000,0x00000007c0000000)
 ParOldGen       total 242176K, used 111412K [0x0000000700000000, 0x000000070ec80000, 0x00000007bc400000)
  object space 242176K, 46% used [0x0000000700000000,0x0000000706ccd3c8,0x000000070ec80000)
 Metaspace       used 84581K, capacity 85361K, committed 86144K, reserved 1124352K
  class space    used 11953K, capacity 12112K, committed 12160K, reserved 1048576K
Event: 3424.833 GC heap after
Heap after GC invocations=563 (full 29):
 PSYoungGen      total 51712K, used 4263K [0x00000007bc400000, 0x00000007c0000000, 0x00000007c0000000)
  eden space 41472K, 0% used [0x00000007bc400000,0x00000007bc400000,0x00000007bec80000)
  from space 10240K, 41% used [0x00000007bf600000,0x00000007bfa29e70,0x00000007c0000000)
  to   space 9728K, 0% used [0x00000007bec80000,0x00000007bec80000,0x00000007bf600000)
 ParOldGen       total 242176K, used 111969K [0x0000000700000000, 0x000000070ec80000, 0x00000007bc400000)
  object space 242176K, 46% used [0x0000000700000000,0x0000000706d58418,0x000000070ec80000)
 Metaspace       used 84581K, capacity 85361K, committed 86144K, reserved 1124352K
  class space    used 11953K, capacity 12112K, committed 12160K, reserved 1048576K
}

